<?xml version="1.0" encoding="UTF-8"?>
<robot generator="Robot 7.0.1 (Python 3.12.5 on darwin)" generated="2024-09-01T21:44:47.370368" rpa="false" schemaversion="5">
<suite id="s1" name="Amazon Tests" source="/Users/yuriespinosa/Developer/webtesting/amazon_tests.robot">
<test id="s1-t1" name="CT 01 - Acesso ao menu &quot;Eletrônicos&quot;" line="8">
<kw name="Abrir o navegador" owner="amazon_resources" type="SETUP">
<kw name="Open Browser" owner="SeleniumLibrary">
<msg time="2024-09-01T21:44:47.456271" level="INFO">Opening browser 'firefox' to base url 'None'.</msg>
<arg>browser=firefox</arg>
<doc>Opens a new browser instance to the optional ``url``.</doc>
<status status="PASS" start="2024-09-01T21:44:47.456127" elapsed="1.930049"/>
</kw>
<status status="PASS" start="2024-09-01T21:44:47.455737" elapsed="1.930813"/>
</kw>
<kw name="Acessar a home page do site Amazon.com.br" owner="amazon_resources">
<kw name="Go To" owner="SeleniumLibrary">
<msg time="2024-09-01T21:44:49.387175" level="INFO">Opening url 'https://www.amazon.com.br'</msg>
<arg>${URL}</arg>
<doc>Navigates the current browser window to the provided ``url``.</doc>
<status status="PASS" start="2024-09-01T21:44:49.387046" elapsed="1.163249"/>
</kw>
<kw name="Wait Until Element Is Visible" owner="SeleniumLibrary">
<arg>${MENU_ELETRONICOS}</arg>
<doc>Waits until the element ``locator`` is visible.</doc>
<status status="PASS" start="2024-09-01T21:44:50.550475" elapsed="0.254456"/>
</kw>
<status status="PASS" start="2024-09-01T21:44:49.386804" elapsed="1.418418"/>
</kw>
<doc>Esse teste verifica o menu Eletronicos da site Amazom.com.br
e verifica a categoria computadores e informatica</doc>
<tag>menus categorias</tag>
<status status="PASS" start="2024-09-01T21:44:47.455072" elapsed="3.350441"/>
</test>
<doc>Essa suíte testa o site da Amazom.com.br</doc>
<status status="PASS" start="2024-09-01T21:44:47.375398" elapsed="3.430828"/>
</suite>
<statistics>
<total>
<stat pass="1" fail="0" skip="0">All Tests</stat>
</total>
<tag>
<stat pass="1" fail="0" skip="0">menus categorias</stat>
</tag>
<suite>
<stat pass="1" fail="0" skip="0" id="s1" name="Amazon Tests">Amazon Tests</stat>
</suite>
</statistics>
<errors>
</errors>
</robot>
